#
# There is insufficient memory for the Java Runtime Environment to continue.
# Native memory allocation (mmap) failed to map 132120576 bytes for Failed to commit area from 0x0000000082400000 to 0x000000008a200000 of length 132120576.
# Possible reasons:
#   The system is out of physical RAM or swap space
#   The process is running with CompressedOops enabled, and the Java Heap may be blocking the growth of the native heap
# Possible solutions:
#   Reduce memory load on the system
#   Increase physical memory or swap space
#   Check if swap backing store is full
#   Decrease Java heap size (-Xmx/-Xms)
#   Decrease number of Java threads
#   Decrease Java thread stack sizes (-Xss)
#   Set larger code cache with -XX:ReservedCodeCacheSize=
# This output file may be truncated or incomplete.
#
#  Out of Memory Error (./src/hotspot/os/windows/os_windows.cpp:3303), pid=13008, tid=13948
#
# JRE version:  (11.0.9.1+11) (build )
# Java VM: OpenJDK 64-Bit Server VM (11.0.9.1+11-b1145.77, mixed mode, sharing, tiered, compressed oops, g1 gc, windows-amd64)
# No core dump will be written. Minidumps are not enabled by default on client versions of Windows
#

---------------  S U M M A R Y ------------

Command Line: org.jetbrains.git4idea.http.GitAskPassApp Username for 'https://github.com': 

Host: Intel(R) Core(TM) i5-2430M CPU @ 2.40GHz, 4 cores, 7G,  Windows 10 , 64 bit Build 19041 (10.0.19041.804)
Time: Mon Feb 22 20:17:52 2021 India Standard Time elapsed time: 0.050765 seconds (0d 0h 0m 0s)

---------------  T H R E A D  ---------------

Current thread (0x00000222b4e9d000):  JavaThread "Unknown thread" [_thread_in_vm, id=13948, stack(0x00000040aea00000,0x00000040aeb00000)]

Stack: [0x00000040aea00000,0x00000040aeb00000]
Native frames: (J=compiled Java code, j=interpreted, Vv=VM code, C=native code)
V  [jvm.dll+0x5edd9a]
V  [jvm.dll+0x7229c5]
V  [jvm.dll+0x723f1d]
V  [jvm.dll+0x7245d3]
V  [jvm.dll+0x2431b8]
V  [jvm.dll+0x5eb234]
V  [jvm.dll+0x5e0325]
V  [jvm.dll+0x2fe60b]
V  [jvm.dll+0x2fe57a]
V  [jvm.dll+0x2fe452]
V  [jvm.dll+0x303346]
V  [jvm.dll+0x34ba83]
V  [jvm.dll+0x34c186]
V  [jvm.dll+0x34bb83]
V  [jvm.dll+0x2d9218]
V  [jvm.dll+0x2da3c7]
V  [jvm.dll+0x701a67]
V  [jvm.dll+0x70325c]
V  [jvm.dll+0x359049]
V  [jvm.dll+0x6e552e]
V  [jvm.dll+0x3c1353]
V  [jvm.dll+0x3c3571]
C  [jli.dll+0x5373]
C  [ucrtbase.dll+0x21bb2]
C  [KERNEL32.DLL+0x17034]
C  [ntdll.dll+0x4d241]


---------------  P R O C E S S  ---------------

Threads class SMR info:
_java_thread_list=0x00000222b2d046d0, length=0, elements={
}

Java Threads: ( => current thread )

Other Threads:
  0x00000222b4eb7800 GCTaskThread "GC Thread#0" [stack: 0x00000040aeb00000,0x00000040aec00000] [id=7504]
  0x00000222b4ee6800 ConcurrentGCThread "G1 Main Marker" [stack: 0x00000040aec00000,0x00000040aed00000] [id=3832]
  0x00000222b4ee9000 ConcurrentGCThread "G1 Conc#0" [stack: 0x00000040aed00000,0x00000040aee00000] [id=13256]

[error occurred during error reporting (printing all threads), id 0xc0000005, EXCEPTION_ACCESS_VIOLATION (0xc0000005) at pc=0x00007ffcecaf9807]

VM state:not at safepoint (not fully initialized)

VM Mutex/Monitor currently owned by a thread:  ([mutex/lock_event])
[0x00000222b4e98500] Heap_lock - owner thread: 0x00000222b4e9d000

Heap address: 0x0000000082400000, size: 2012 MB, Compressed Oops mode: Non-zero based: 0x0000000082400000
Narrow klass base: 0x0000000000000000, Narrow klass shift: 0

GC Heap History (0 events):
No events

Deoptimization events (0 events):
No events

Classes redefined (0 events):
No events

Internal exceptions (0 events):
No events

Events (1 events):
Event: 0.009 Loaded shared library C:\Program Files\JetBrains\IntelliJ IDEA 2020.3.2\jbr\bin\zip.dll


Dynamic libraries:
0x00007ff6437e0000 - 0x00007ff6437ea000 	C:\Program Files\JetBrains\IntelliJ IDEA 2020.3.2\jbr\bin\java.exe
0x00007ffd27570000 - 0x00007ffd27766000 	C:\WINDOWS\SYSTEM32\ntdll.dll
0x00007ffd27470000 - 0x00007ffd2752d000 	C:\WINDOWS\System32\KERNEL32.DLL
0x00007ffd24fa0000 - 0x00007ffd25269000 	C:\WINDOWS\System32\KERNELBASE.dll
0x00007ffd24ce0000 - 0x00007ffd24de0000 	C:\WINDOWS\System32\ucrtbase.dll
0x00007ffd0a650000 - 0x00007ffd0a669000 	C:\Program Files\JetBrains\IntelliJ IDEA 2020.3.2\jbr\bin\jli.dll
0x00007ffd0ad50000 - 0x00007ffd0ad67000 	C:\Program Files\JetBrains\IntelliJ IDEA 2020.3.2\jbr\bin\VCRUNTIME140.dll
0x00007ffd26370000 - 0x00007ffd26510000 	C:\WINDOWS\System32\USER32.dll
0x00007ffd24cb0000 - 0x00007ffd24cd2000 	C:\WINDOWS\System32\win32u.dll
0x00007ffd11230000 - 0x00007ffd114cb000 	C:\WINDOWS\WinSxS\amd64_microsoft.windows.common-controls_6595b64144ccf1df_6.0.19041.746_none_ca02b4b61b8320a4\COMCTL32.dll
0x00007ffd261e0000 - 0x00007ffd2620a000 	C:\WINDOWS\System32\GDI32.dll
0x00007ffd267f0000 - 0x00007ffd2688e000 	C:\WINDOWS\System32\msvcrt.dll
0x00007ffd24de0000 - 0x00007ffd24eeb000 	C:\WINDOWS\System32\gdi32full.dll
0x00007ffd25270000 - 0x00007ffd2530d000 	C:\WINDOWS\System32\msvcp_win.dll
0x00007ffd26e10000 - 0x00007ffd26e40000 	C:\WINDOWS\System32\IMM32.DLL
0x00007ffcfc800000 - 0x00007ffcfc89d000 	C:\Program Files\JetBrains\IntelliJ IDEA 2020.3.2\jbr\bin\msvcp140.dll
0x00007ffcec810000 - 0x00007ffced2de000 	C:\Program Files\JetBrains\IntelliJ IDEA 2020.3.2\jbr\bin\server\jvm.dll
0x00007ffd26520000 - 0x00007ffd265cc000 	C:\WINDOWS\System32\ADVAPI32.dll
0x00007ffd265d0000 - 0x00007ffd2666c000 	C:\WINDOWS\System32\sechost.dll
0x00007ffd26f20000 - 0x00007ffd2704b000 	C:\WINDOWS\System32\RPCRT4.dll
0x00007ffd26f10000 - 0x00007ffd26f18000 	C:\WINDOWS\System32\PSAPI.DLL
0x00007ffd1ae90000 - 0x00007ffd1aeb7000 	C:\WINDOWS\SYSTEM32\WINMM.dll
0x00007ffd151c0000 - 0x00007ffd151c9000 	C:\WINDOWS\SYSTEM32\WSOCK32.dll
0x00007ffd15840000 - 0x00007ffd1584a000 	C:\WINDOWS\SYSTEM32\VERSION.dll
0x00007ffd27180000 - 0x00007ffd271eb000 	C:\WINDOWS\System32\ws2_32.DLL
0x00007ffd22b20000 - 0x00007ffd22b32000 	C:\WINDOWS\SYSTEM32\kernel.appcore.dll
0x00007ffd20740000 - 0x00007ffd20751000 	C:\Program Files\JetBrains\IntelliJ IDEA 2020.3.2\jbr\bin\verify.dll
0x00007ffd15a10000 - 0x00007ffd15bf4000 	C:\WINDOWS\SYSTEM32\DBGHELP.DLL
0x00007ffd13570000 - 0x00007ffd1359c000 	C:\WINDOWS\SYSTEM32\dbgcore.DLL
0x00007ffd25520000 - 0x00007ffd255a0000 	C:\WINDOWS\System32\bcryptPrimitives.dll
0x00007ffd16780000 - 0x00007ffd167a9000 	C:\Program Files\JetBrains\IntelliJ IDEA 2020.3.2\jbr\bin\java.dll
0x00007ffd20800000 - 0x00007ffd2080b000 	C:\Program Files\JetBrains\IntelliJ IDEA 2020.3.2\jbr\bin\jimage.dll
0x00007ffd16970000 - 0x00007ffd16988000 	C:\Program Files\JetBrains\IntelliJ IDEA 2020.3.2\jbr\bin\zip.dll

dbghelp: loaded successfully - version: 4.0.5 - missing functions: none
symbol engine: initialized successfully - sym options: 0x614 - pdb path: .;C:\Program Files\JetBrains\IntelliJ IDEA 2020.3.2\jbr\bin;C:\WINDOWS\SYSTEM32;C:\WINDOWS\WinSxS\amd64_microsoft.windows.common-controls_6595b64144ccf1df_6.0.19041.746_none_ca02b4b61b8320a4;C:\Program Files\JetBrains\IntelliJ IDEA 2020.3.2\jbr\bin\server

VM Arguments:
java_command: org.jetbrains.git4idea.http.GitAskPassApp Username for 'https://github.com': 
java_class_path (initial): C:/Program Files/JetBrains/IntelliJ IDEA 2020.3.2/plugins/git4idea/lib/git4idea-rt.jar;C:/Program Files/JetBrains/IntelliJ IDEA 2020.3.2/lib/xmlrpc-2.0.1.jar;C:/Program Files/JetBrains/IntelliJ IDEA 2020.3.2/lib/commons-codec-1.14.jar
Launcher Type: SUN_STANDARD

[Global flags]
     intx CICompilerCount                          = 3                                         {product} {ergonomic}
     uint ConcGCThreads                            = 1                                         {product} {ergonomic}
     uint G1ConcRefinementThreads                  = 4                                         {product} {ergonomic}
   size_t G1HeapRegionSize                         = 1048576                                   {product} {ergonomic}
    uintx GCDrainStackTargetSize                   = 64                                        {product} {ergonomic}
   size_t InitialHeapSize                          = 132120576                                 {product} {ergonomic}
   size_t MarkStackSize                            = 4194304                                   {product} {ergonomic}
   size_t MaxHeapSize                              = 2109734912                                {product} {ergonomic}
   size_t MinHeapDeltaBytes                        = 1048576                                   {product} {ergonomic}
    uintx NonNMethodCodeHeapSize                   = 5830732                                {pd product} {ergonomic}
    uintx NonProfiledCodeHeapSize                  = 122913754                              {pd product} {ergonomic}
    uintx ProfiledCodeHeapSize                     = 122913754                              {pd product} {ergonomic}
    uintx ReservedCodeCacheSize                    = 251658240                              {pd product} {ergonomic}
     bool SegmentedCodeCache                       = true                                      {product} {ergonomic}
     bool UseCompressedClassPointers               = true                                 {lp64_product} {ergonomic}
     bool UseCompressedOops                        = true                                 {lp64_product} {ergonomic}
     bool UseG1GC                                  = true                                      {product} {ergonomic}
     bool UseLargePagesIndividualAllocation        = false                                  {pd product} {ergonomic}

Logging:
Log output configuration:
 #0: stdout all=warning uptime,level,tags
 #1: stderr all=off uptime,level,tags

Environment Variables:
JAVA_HOME=C:\Program Files\Java\jdk-14.0.2
PATH=C:\Program Files\Git\mingw64\libexec\git-core;C:\Program Files\Git\mingw64\libexec\git-core;C:\Program Files\Git\mingw64\bin;C:\Program Files\Git\usr\bin;C:\Users\Arun\bin;C:\Program Files (x86)\Common Files\Oracle\Java\javapath;C:\ProgramData\Oracle\Java\javapath;C:\WINDOWS\system32;C:\WINDOWS;C:\WINDOWS\system32\wbem;C:\Program Files\Common Files\Microsoft Shared\Windows Live;C:\Program Files (x86)\Common Files\Microsoft Shared\Windows Live;C:\WINDOWS\System32\WindowsPowerShell\v1.0;C:\Program Files (x86)\EgisTec MyWinLocker;C:\WINDOWS\System32\Wbem;C:\WINDOWS\System32\WindowsPowerShell\v1.0;C:\WINDOWS\System32\OpenSSH;C:\Program Files\Java\jdk-14.0.2\bin;C:\maven\apache-maven-3.6.3\bin;C:\Program Files\Git\cmd;C:\Program Files\Vim\vim82;C:\Program Files\nodejs;C:\Program Files\MySQL\MySQL Shell 8.0\bin;C:\Users\Arun\AppData\Local\Microsoft\WindowsApps;C:\Program Files\JetBrains\PyCharm Community Edition 2020.1.1\bin;C:\Program Files\JetBrains\IntelliJ IDEA 2020.3.2\bin;C:\Users\Arun\AppData\Roaming\npm
USERNAME=Arun
DISPLAY=:0.0
LC_ALL=en_US.UTF-8
OS=Windows_NT
PROCESSOR_IDENTIFIER=Intel64 Family 6 Model 42 Stepping 7, GenuineIntel



---------------  S Y S T E M  ---------------

OS: Windows 10 , 64 bit Build 19041 (10.0.19041.804)
OS uptime: 1 days 3:06 hours

CPU:total 4 (initial active 4) (2 cores per cpu, 2 threads per core) family 6 model 42 stepping 7, cmov, cx8, fxsr, mmx, sse, sse2, sse3, ssse3, sse4.1, sse4.2, popcnt, avx, aes, clmul, ht, tsc, tscinvbit

Memory: 4k page, system-wide physical 8043M (539M free)
TotalPageFile size 9944M (AvailPageFile size 18M)
current process WorkingSet (physical memory assigned to process): 9M, peak: 9M
current process commit charge ("private bytes"): 51M, peak: 177M

vm_info: OpenJDK 64-Bit Server VM (11.0.9.1+11-b1145.77) for windows-amd64 JRE (11.0.9.1+11-b1145.77), built on Jan 16 2021 05:14:13 by "" with MS VC++ 14.0 (VS2015)

END.
